2017-04-27 09:40:54,951 - os.name - Linux
2017-04-27 09:40:54,952 - os.arch - amd64
2017-04-27 09:40:54,952 - os.version - 4.4.0-75-generic
2017-04-27 09:40:54,952 - java.version - 1.8.0_121
2017-04-27 09:40:54,952 - java.vendor - Oracle Corporation
2017-04-27 09:40:54,952 - java.vendor.url - http://java.oracle.com/
2017-04-27 09:40:54,952 - java.home - /usr/lib/jvm/java-8-openjdk-amd64/jre
2017-04-27 09:40:54,952 - java.vm.specification.name - Java Virtual Machine Specification
2017-04-27 09:40:54,952 - java.vm.specification.vendor - Oracle Corporation
2017-04-27 09:40:54,952 - java.vm.specification.version - 1.8
2017-04-27 09:40:54,952 - java.class.path - /home/gonzalal/eclipse/android-neon/eclipse//plugins/org.eclipse.equinox.launcher_1.3.200.v20160318-1642.jar
2017-04-27 09:40:54,955 - java.library.path - /usr/java/packages/lib/amd64:/usr/lib/x86_64-linux-gnu/jni:/lib/x86_64-linux-gnu:/usr/lib/x86_64-linux-gnu:/usr/lib/jni:/lib:/usr/lib
2017-04-27 09:40:54,956 - --------------------------------------
2017-04-27 09:40:54,956 - ## Eclipse Plug-ins Log Information ##
2017-04-27 09:40:54,956 - --------------------------------------
2017-04-27 09:40:55,010 - javax.el - 2.2.0.v201303151357
2017-04-27 09:40:55,014 - javax.servlet - 3.1.0.v201410161800
2017-04-27 09:40:55,018 - javax.servlet.jsp - 2.2.0.v201112011158
2017-04-27 09:40:55,021 - com.sun.el - 2.2.0.v201303151357
2017-04-27 09:40:55,021 - org.apache.commons.logging - 1.1.1.v201101211721
2017-04-27 09:40:55,025 - org.apache.jasper.glassfish - 2.2.2.v201501141630
2017-04-27 09:40:55,032 - org.apache.lucene.analysis - 3.5.0.v20120725-1805
2017-04-27 09:40:55,045 - org.apache.lucene.core - 3.5.0.v20120725-1805
2017-04-27 09:40:55,048 - org.eclipse.equinox.http.jetty - 3.3.0.v20160324-1850
2017-04-27 09:40:55,050 - org.eclipse.equinox.http.registry - 1.1.400.v20150715-1528
2017-04-27 09:40:55,053 - org.eclipse.equinox.http.servlet - 1.3.0.v20160517-1559
2017-04-27 09:40:55,055 - org.eclipse.equinox.jsp.jasper - 1.0.500.v20150119-1358
2017-04-27 09:40:55,057 - org.eclipse.equinox.jsp.jasper.registry - 1.0.300.v20130327-1442
2017-04-27 09:40:55,057 - org.eclipse.help.base - 4.1.0.v20160606-1100
2017-04-27 09:40:55,059 - org.eclipse.help.ui - 4.0.200.v20160510-0758
2017-04-27 09:40:55,061 - org.eclipse.help.webapp - 3.8.0.v20160504-0839
2017-04-27 09:40:55,064 - org.eclipse.jetty.continuation - 9.3.9.v20160517
2017-04-27 09:40:55,067 - org.eclipse.jetty.http - 9.3.9.v20160517
2017-04-27 09:40:55,074 - org.eclipse.jetty.io - 9.3.9.v20160517
2017-04-27 09:40:55,078 - org.eclipse.jetty.security - 9.3.9.v20160517
2017-04-27 09:40:55,083 - org.eclipse.jetty.server - 9.3.9.v20160517
2017-04-27 09:40:55,086 - org.eclipse.jetty.servlet - 9.3.9.v20160517
2017-04-27 09:40:55,091 - org.eclipse.jetty.util - 9.3.9.v20160517
2017-04-27 09:40:55,093 - org.eclipse.core.net - 1.3.0.v20160418-1534
2017-04-27 09:40:55,094 - org.eclipse.equinox.security - 1.2.200.v20150715-1528
2017-04-27 09:40:55,109 - org.eclipse.andmore.hierarchyviewer - 0.5.0.201605181018
2017-04-27 09:40:55,122 - org.eclipse.mylyn.bugzilla.core - 3.20.0.v20160425-1835
2017-04-27 09:40:55,123 - org.eclipse.mylyn.bugzilla.ui - 3.20.0.v20160425-1835
2017-04-27 09:40:55,135 - org.eclipse.sequoyah.device.backward - 2.1.0.N20120718-0509
2017-04-27 09:40:55,136 - org.eclipse.sequoyah.device.framework - 2.1.0.N20120718-0509
2017-04-27 09:40:55,137 - org.eclipse.sequoyah.device.framework.ui - 2.1.0.N20120718-0509
2017-04-27 09:40:55,139 - org.eclipse.sequoyah.device.service.start - 2.1.0.N20120718-0509
2017-04-27 09:40:55,141 - org.eclipse.sequoyah.device.service.stop - 2.1.0.N20120718-0509
2017-04-27 09:40:55,143 - org.eclipse.sequoyah.device.framework.wizard - 2.1.0.N20120718-0509
2017-04-27 09:40:55,156 - org.eclipse.buildship.core - 1.0.15.v20160425-1638
2017-04-27 09:40:55,157 - org.eclipse.buildship.ui - 1.0.15.v20160425-1638
2017-04-27 09:40:55,157 - org.eclipse.buildship.branding - 1.0.15.v20160425-1638
2017-04-27 09:40:55,158 - org.eclipse.buildship.stsmigration - 1.0.15.v20160425-1638
2017-04-27 09:40:55,172 - org.eclipse.mylyn.tasks.core - 3.20.0.v20160608-1838
2017-04-27 09:40:55,174 - org.eclipse.mylyn.tasks.index.core - 3.20.0.v20160425-1835
2017-04-27 09:40:55,176 - org.eclipse.mylyn.tasks.index.ui - 3.20.0.v20160425-1835
2017-04-27 09:40:55,179 - org.eclipse.mylyn.tasks.search - 3.20.0.v20160425-1835
2017-04-27 09:40:55,181 - org.eclipse.mylyn.tasks.ui - 3.20.0.v20160608-1838
2017-04-27 09:40:55,190 - org.eclipse.wst.jsdt.web.core - 1.0.801.v201602241914
2017-04-27 09:40:55,193 - org.eclipse.wst.jsdt.web.ui - 1.0.801.v201602241914
2017-04-27 09:40:55,195 - org.eclipse.wst.html.ui.infopop - 1.0.201.v201409111852
2017-04-27 09:40:55,196 - org.eclipse.wst.web.ui.infopop - 1.0.300.v200805140206
2017-04-27 09:40:55,200 - org.eclipse.wst.css.ui - 1.0.1001.v201608060346
2017-04-27 09:40:55,203 - org.eclipse.wst.html.ui - 1.0.1101.v201608060430
2017-04-27 09:40:55,203 - org.eclipse.wst.web.ui - 1.1.601.v201602221748
2017-04-27 09:40:55,212 - org.eclipse.egit.core - 4.4.0.201606070830-r
2017-04-27 09:40:55,219 - org.eclipse.egit.ui - 4.4.0.201606070830-r
2017-04-27 09:40:55,219 - org.eclipse.egit - 4.4.0.201606070830-r
2017-04-27 09:40:55,222 - org.eclipse.egit.doc - 4.4.0.201606070830-r
2017-04-27 09:40:55,237 - org.eclipse.aether.maven - 3.1.0.v20140706-2237
2017-04-27 09:40:55,248 - org.eclipse.gef - 3.11.0.201606061308
2017-04-27 09:40:55,260 - org.eclipse.mylyn.commons.identity.core - 1.12.0.v20160421-1819
2017-04-27 09:40:55,266 - org.eclipse.oomph.p2 - 1.6.0.v20160920-0456
2017-04-27 09:40:55,267 - org.eclipse.oomph.p2.core - 1.6.0.v20160920-0515
2017-04-27 09:40:55,273 - org.eclipse.oomph.p2.edit - 1.6.0.v20160920-0456
2017-04-27 09:40:55,275 - org.eclipse.oomph.p2.ui - 1.6.0.v20160920-0456
2017-04-27 09:40:55,277 - org.eclipse.oomph.p2.doc - 1.6.0.v20160920-0456
2017-04-27 09:40:55,285 - org.eclipse.datatools.enablement.sqlite - 1.1.0.201603142002
2017-04-27 09:40:55,287 - org.eclipse.datatools.enablement.sqlite.dbdefinition - 1.1.0.201603142002
2017-04-27 09:40:55,290 - org.eclipse.datatools.enablement.sqlite.ui - 1.1.0.201603142002
2017-04-27 09:40:55,290 - org.eclipse.datatools.enablement.finfo - 1.6.0.201603142002
2017-04-27 09:40:55,297 - org.eclipse.emf.codegen.ui - 2.6.0.v20160526-0356
2017-04-27 09:40:55,305 - org.eclipse.mylyn.commons.notifications.core - 1.12.0.v20160421-1819
2017-04-27 09:40:55,305 - org.eclipse.mylyn.commons.notifications.feed - 1.12.0.v20160421-1819
2017-04-27 09:40:55,309 - org.eclipse.mylyn.commons.notifications.ui - 1.12.0.v20160421-1819
2017-04-27 09:40:55,320 - org.eclipse.emf.converter - 2.7.0.v20160526-0356
2017-04-27 09:40:55,323 - org.eclipse.emf.importer - 2.9.0.v20160526-0356
2017-04-27 09:40:55,325 - org.eclipse.emf.exporter - 2.7.0.v20160526-0356
2017-04-27 09:40:55,327 - org.eclipse.emf.importer.ecore - 2.8.0.v20160526-0356
2017-04-27 09:40:55,329 - org.eclipse.emf.importer.java - 2.7.0.v20160526-0356
2017-04-27 09:40:55,331 - org.eclipse.emf.importer.rose - 2.8.0.v20160526-0356
2017-04-27 09:40:55,336 - org.eclipse.emf.edit.ui - 2.12.0.v20160526-0356
2017-04-27 09:40:55,350 - org.eclipse.help - 3.7.0.v20160602-1307
2017-04-27 09:40:55,352 - org.eclipse.ui - 3.108.0.v20160518-1929
2017-04-27 09:40:55,353 - org.eclipse.ui.workbench - 3.108.0.v20160602-1232
2017-04-27 09:40:55,356 - org.eclipse.update.configurator - 3.3.400.v20160506-0750
2017-04-27 09:40:55,356 - org.eclipse.rcp - 4.6.0.v20160606-1100
2017-04-27 09:40:55,370 - org.eclipse.recommenders.rcp - 2.4.0.v20160607-1609
2017-04-27 09:40:55,373 - org.eclipse.recommenders.apidocs - 2.4.0.v20160607-1609
2017-04-27 09:40:55,374 - org.eclipse.recommenders.apidocs.rcp - 2.4.0.v20160607-1609
2017-04-27 09:40:55,375 - org.eclipse.recommenders.calls - 2.4.0.v20160607-1609
2017-04-27 09:40:55,378 - org.eclipse.recommenders.calls.rcp - 2.4.0.v20160607-1609
2017-04-27 09:40:55,380 - org.eclipse.recommenders.chain.rcp - 2.4.0.v20160607-1609
2017-04-27 09:40:55,383 - org.eclipse.recommenders.completion.rcp - 2.4.0.v20160607-1609
2017-04-27 09:40:55,384 - org.eclipse.recommenders.constructors - 2.4.0.v20160607-1609
2017-04-27 09:40:55,386 - org.eclipse.recommenders.constructors.rcp - 2.4.0.v20160607-1609
2017-04-27 09:40:55,388 - org.eclipse.recommenders.coordinates - 2.4.0.v20160607-1609
2017-04-27 09:40:55,391 - org.eclipse.recommenders.coordinates.rcp - 2.4.0.v20160607-1609
2017-04-27 09:40:55,392 - org.eclipse.recommenders.injection - 2.4.0.v20160607-1609
2017-04-27 09:40:55,394 - org.eclipse.recommenders.jayes - 2.4.0.v20160607-1609
2017-04-27 09:40:55,396 - org.eclipse.recommenders.jayes.io - 2.4.0.v20160607-1609
2017-04-27 09:40:55,398 - org.eclipse.recommenders.jdt - 2.4.0.v20160607-1609
2017-04-27 09:40:55,401 - org.eclipse.recommenders.models - 2.4.0.v20160607-1609
2017-04-27 09:40:55,402 - org.eclipse.recommenders.models.rcp - 2.4.0.v20160607-1609
2017-04-27 09:40:55,404 - org.eclipse.recommenders.net - 2.4.0.v20160607-1609
2017-04-27 09:40:55,406 - org.eclipse.recommenders.overrides - 2.4.0.v20160607-1609
2017-04-27 09:40:55,408 - org.eclipse.recommenders.overrides.rcp - 2.4.0.v20160607-1609
2017-04-27 09:40:55,410 - org.eclipse.recommenders.subwords.rcp - 2.4.0.v20160607-1609
2017-04-27 09:40:55,412 - org.eclipse.recommenders.types.rcp - 2.4.0.v20160607-1609
2017-04-27 09:40:55,414 - org.eclipse.recommenders.utils - 2.4.0.v20160607-1609
2017-04-27 09:40:55,416 - org.eclipse.recommenders.utils.rcp - 2.4.0.v20160607-1609
2017-04-27 09:40:55,425 - org.eclipse.mylyn.commons.repositories.http.core - 1.12.0.v20160421-1819
2017-04-27 09:40:55,439 - org.eclipse.datatools.connectivity.oda.design.ui - 3.3.0.201603142002
2017-04-27 09:40:55,440 - org.eclipse.datatools.connectivity.ui.dse - 1.2.0.201603142002
2017-04-27 09:40:55,443 - org.eclipse.datatools.connectivity.ui - 1.3.0.201603142002
2017-04-27 09:40:55,446 - org.eclipse.datatools.connectivity.sqm.core - 1.3.0.201603142002
2017-04-27 09:40:55,448 - org.eclipse.datatools.help - 1.6.0.201603142002
2017-04-27 09:40:55,454 - org.eclipse.jdt - 3.12.0.v20160606-1100
2017-04-27 09:40:55,459 - org.eclipse.ant.ui - 3.6.200.v20160525-1820
2017-04-27 09:40:55,461 - org.eclipse.jdt.apt.core - 3.4.100.v20160525-0952
2017-04-27 09:40:55,464 - org.eclipse.jdt.apt.ui - 3.4.100.v20160418-1457
2017-04-27 09:40:55,465 - org.eclipse.jdt.apt.pluggable.core - 1.1.100.v20160418-1457
2017-04-27 09:40:55,467 - org.eclipse.jdt.compiler.apt - 1.2.100.v20160418-1457
2017-04-27 09:40:55,468 - org.eclipse.jdt.compiler.tool - 1.1.100.v20160418-1457
2017-04-27 09:40:55,469 - org.eclipse.jdt.core - 3.12.0.v20160516-2131
2017-04-27 09:40:55,472 - org.eclipse.jdt.annotation - 2.1.0.v20160418-1457
2017-04-27 09:40:55,472 - org.eclipse.jdt.annotation - 2.1.0.v20160418-1457
2017-04-27 09:40:55,473 - org.eclipse.jdt.core.manipulation - 1.7.0.v20160419-0705
2017-04-27 09:40:55,475 - org.eclipse.jdt.debug.ui - 3.7.200.v20160423-1519
2017-04-27 09:40:55,491 - org.eclipse.jdt.debug - 3.10.0.v20160418-1524
2017-04-27 09:40:55,493 - org.eclipse.jdt.junit - 3.9.0.v20160421-1701
2017-04-27 09:40:55,495 - org.eclipse.jdt.junit.core - 3.8.0.v20160421-1701
2017-04-27 09:40:55,497 - org.eclipse.jdt.junit.runtime - 3.4.600.v20160505-0715
2017-04-27 09:40:55,500 - org.eclipse.jdt.junit4.runtime - 1.1.600.v20160505-0715
2017-04-27 09:40:55,501 - org.eclipse.jdt.launching - 3.8.100.v20160505-0636
2017-04-27 09:40:55,507 - org.eclipse.jdt.ui - 3.12.0.v20160525-1829
2017-04-27 09:40:55,511 - org.junit - 4.12.0.v201504281640
2017-04-27 09:40:55,513 - org.hamcrest.core - 1.3.0.v201303031735
2017-04-27 09:40:55,516 - org.eclipse.jdt.doc.user - 3.12.0.v20160601-2148
2017-04-27 09:40:55,519 - org.eclipse.ant.launching - 1.1.200.v20160418-1631
2017-04-27 09:40:55,528 - org.eclipse.emf.common - 2.12.0.v20160420-0247
2017-04-27 09:40:55,533 - org.eclipse.sequoyah.vnc.vncviewer.vncviews - 2.1.0.N20120718-0509
2017-04-27 09:40:55,543 - org.eclipse.egit.mylyn.ui - 4.4.0.201606070830-r
2017-04-27 09:40:55,550 - org.eclipse.datatools.sqltools.common.ui - 1.1.0.201603142002
2017-04-27 09:40:55,552 - org.eclipse.datatools.sqltools.debugger.core - 1.1.0.201603142002
2017-04-27 09:40:55,554 - org.eclipse.datatools.sqltools.editor.core - 1.1.0.201603142002
2017-04-27 09:40:55,556 - org.eclipse.datatools.sqltools.plan - 1.1.0.201603142002
2017-04-27 09:40:55,558 - org.eclipse.datatools.sqltools.routineeditor - 1.1.0.201603142002
2017-04-27 09:40:55,560 - org.eclipse.datatools.sqltools.sql - 1.1.0.201603142002
2017-04-27 09:40:55,563 - org.eclipse.datatools.sqltools.sqleditor - 1.1.0.201603142002
2017-04-27 09:40:55,567 - org.eclipse.datatools.sqltools.sqlscrapbook - 1.1.0.201603142002
2017-04-27 09:40:55,568 - org.eclipse.datatools.help - 1.6.0.201603142002
2017-04-27 09:40:55,570 - org.eclipse.datatools.sqltools.db.generic - 1.1.0.201603142002
2017-04-27 09:40:55,577 - org.eclipse.datatools.sqltools.debugger.core.ui - 1.1.0.201603142002
2017-04-27 09:40:55,579 - org.eclipse.datatools.sqltools.editor.core.ui - 1.1.0.201603142002
2017-04-27 09:40:55,580 - org.eclipse.datatools.sqltools.result.ui - 1.2.0.201603142002
2017-04-27 09:40:55,582 - org.eclipse.datatools.sqltools.routineeditor.ui - 1.1.0.201603142002
2017-04-27 09:40:55,584 - org.eclipse.datatools.sqltools.sql.ui - 1.1.0.201603142002
2017-04-27 09:40:55,595 - org.objectweb.asm - 5.0.1.v201404251740
2017-04-27 09:40:55,595 - org.eclipse.andmore - 0.5.0.201605181018
2017-04-27 09:40:55,596 - org.eclipse.andmore.base - 0.5.0.201605181018
2017-04-27 09:40:55,597 - org.eclipse.andmore.ddms - 0.5.0.201605181018
2017-04-27 09:40:55,598 - org.eclipse.andmore.overlay - 0.5.0.201605181018
2017-04-27 09:40:55,606 - org.apache.commons.codec - 1.6.0.v201305230611
2017-04-27 09:40:55,610 - org.apache.commons.compress - 1.6.0.v201310281400
2017-04-27 09:40:55,618 - org.apache.httpcomponents.httpclient - 4.3.6.v201511171540
2017-04-27 09:40:55,625 - org.apache.httpcomponents.httpcore - 4.3.3.v201411290715
2017-04-27 09:40:55,641 - org.eclipse.datatools.modelbase.dbdefinition - 1.1.0.201603142002
2017-04-27 09:40:55,643 - org.eclipse.datatools.modelbase.sql.edit - 1.1.0.201603142002
2017-04-27 09:40:55,646 - org.eclipse.datatools.modelbase.sql.query - 1.2.0.201603142002
2017-04-27 09:40:55,649 - org.eclipse.datatools.modelbase.sql.query.edit - 1.1.0.201603142002
2017-04-27 09:40:55,651 - org.eclipse.datatools.modelbase.sql.xml.query - 1.1.0.201603142002
2017-04-27 09:40:55,651 - org.eclipse.datatools.modelbase.sql - 1.1.0.201603142002
2017-04-27 09:40:55,657 - org.eclipse.oomph.setup.editor - 1.6.0.v20160920-0456
2017-04-27 09:40:55,659 - org.eclipse.oomph.setup.ui - 1.6.0.v20160920-0456
2017-04-27 09:40:55,662 - org.eclipse.oomph.setup.doc - 1.6.0.v20160920-0456
2017-04-27 09:40:55,665 - org.eclipse.oomph.setup.ui.questionnaire - 1.6.0.v20160920-0456
2017-04-27 09:40:55,667 - org.eclipse.oomph.jreinfo.ui - 1.6.0.v20160920-0456
2017-04-27 09:40:55,672 - org.eclipse.emf.mapping - 2.9.0.v20160526-0356
2017-04-27 09:40:55,678 - org.eclipse.emf.ecore - 2.12.0.v20160420-0247
2017-04-27 09:40:55,681 - org.eclipse.emf.ecore.change - 2.11.0.v20160420-0247
2017-04-27 09:40:55,682 - org.eclipse.emf.ecore.xmi - 2.12.0.v20160420-0247
2017-04-27 09:40:55,698 - org.eclipse.jst.ws - 1.0.750.v201503231435
2017-04-27 09:40:55,701 - org.eclipse.jst.j2ee.ui - 1.1.900.v201602161345
2017-04-27 09:40:55,820 - org.eclipse.jst.ws.axis.creation.ui - 1.0.850.v201505131719
2017-04-27 09:40:55,827 - org.eclipse.jst.ws.axis.consumption.ui - 1.0.800.v201505131719
2017-04-27 09:40:55,829 - org.eclipse.jst.j2ee.jca.ui - 1.1.500.v201304231803
2017-04-27 09:40:55,837 - org.eclipse.jst.j2ee.navigator.ui - 1.1.600.v201302011850
2017-04-27 09:40:55,839 - org.eclipse.jst.j2ee.webservice.ui - 1.1.500.v201302011850
2017-04-27 09:40:55,842 - org.eclipse.jst.ws.axis.consumption.core - 1.0.550.v201505131719
2017-04-27 09:40:55,853 - org.eclipse.jst.servlet.ui - 1.1.900.v201605251556
2017-04-27 09:40:55,855 - org.eclipse.jst.ws.ui - 1.0.500.v201505131719
2017-04-27 09:40:55,865 - org.eclipse.jst.ws.uddiregistry - 1.0.600.v201505131719
2017-04-27 09:40:55,868 - org.eclipse.jst.ws.creation.ui - 1.0.900.v201503111711
2017-04-27 09:40:55,874 - org.eclipse.jst.ws.consumption.ui - 1.1.800.v201504152025
2017-04-27 09:40:55,886 - org.eclipse.jst.ws.consumption - 1.0.900.v201605241434
2017-04-27 09:40:55,887 - org.eclipse.jst.j2ee.infopop - 1.0.300.v201309091923
2017-04-27 09:40:55,889 - org.eclipse.jst.jsp.ui.infopop - 1.0.200.v201309112106
2017-04-27 09:40:55,890 - org.eclipse.jst.servlet.ui.infopop - 1.0.500.v201105121947
2017-04-27 09:40:55,891 - org.eclipse.jst.ws.axis.infopop - 1.0.400.v201309242123
2017-04-27 09:40:55,901 - org.eclipse.jst.ws.consumption.infopop - 1.0.400.v201309242123
2017-04-27 09:40:55,902 - org.eclipse.jst.ws.infopop - 1.0.400.v201309242123
2017-04-27 09:40:55,903 - org.eclipse.jst.ws.creation.ejb.ui - 1.0.250.v201309242123
2017-04-27 09:40:55,907 - org.eclipse.jst.ejb.ui - 1.1.900.v201402130359
2017-04-27 09:40:55,909 - org.eclipse.jst.j2ee.ejb.annotations.ui - 1.1.200.v201004261420
2017-04-27 09:40:55,917 - org.eclipse.jst.j2ee.ejb.annotation.model - 1.1.300.v201004110730
2017-04-27 09:40:55,920 - org.eclipse.jst.j2ee.ejb.annotations.emitter - 1.1.200.v201004110730
2017-04-27 09:40:55,930 - org.eclipse.jst.j2ee.ejb.annotations.xdoclet - 1.2.200.v201103302126
2017-04-27 09:40:55,932 - org.eclipse.jst.j2ee.xdoclet.runtime - 1.1.300.v201004280609
2017-04-27 09:40:55,932 - org.eclipse.jst.jee.ui - 1.0.701.v201408251535
2017-04-27 09:40:55,934 - org.eclipse.jst.ejb.ui.infopop - 1.0.300.v201002231012
2017-04-27 09:40:55,937 - org.eclipse.jst.ws.jaxrs.core - 1.0.600.v201505131719
2017-04-27 09:40:55,939 - org.eclipse.jst.ws.jaxrs.ui - 1.0.700.v201505131719
2017-04-27 09:40:55,951 - org.eclipse.jgit - 4.4.0.201606070830-r
2017-04-27 09:40:55,954 - org.eclipse.jgit.archive - 4.4.0.201606070830-r
2017-04-27 09:40:55,955 - com.jcraft.jsch - 0.1.53.v201508180515
2017-04-27 09:40:55,962 - javaewah - 0.7.9.v201605172130
2017-04-27 09:40:55,962 - org.apache.commons.compress - 1.6.0.v201310281400
2017-04-27 09:40:55,963 - org.slf4j.api - 1.7.2.v20121108-1250
2017-04-27 09:40:55,965 - org.slf4j.impl.log4j12 - 1.7.2.v20131105-2200
2017-04-27 09:40:55,967 - org.apache.log4j - 1.2.15.v201012070815
2017-04-27 09:40:55,981 - org.eclipse.mylyn.wikitext.core - 2.9.0.v20160513-1433
2017-04-27 09:40:55,990 - org.eclipse.mylyn.wikitext.core.ant - 2.9.0.v20160513-1433
2017-04-27 09:40:55,991 - org.eclipse.mylyn.wikitext.core.osgi - 2.9.0.v20160513-1433
2017-04-27 09:40:55,993 - org.eclipse.mylyn.wikitext.textile.core - 2.9.0.v20160513-1433
2017-04-27 09:40:55,995 - org.eclipse.mylyn.wikitext.html.core - 2.9.0.v20160513-1433
2017-04-27 09:40:55,998 - org.eclipse.mylyn.wikitext.markdown.core - 2.9.0.v20160513-1433
2017-04-27 09:40:56,000 - org.eclipse.mylyn.wikitext.mediawiki.core - 2.9.0.v20160513-1433
2017-04-27 09:40:56,002 - org.eclipse.mylyn.wikitext.mediawiki.core.ant - 2.9.0.v20160513-1433
2017-04-27 09:40:56,004 - org.eclipse.mylyn.wikitext.confluence.core - 2.9.0.v20160513-1433
2017-04-27 09:40:56,007 - org.eclipse.mylyn.wikitext.tracwiki.core - 2.9.0.v20160513-1433
2017-04-27 09:40:56,008 - org.eclipse.mylyn.wikitext.twiki.core - 2.9.0.v20160519-0832
2017-04-27 09:40:56,010 - org.eclipse.mylyn.wikitext.ui - 2.9.0.v20160516-1547
2017-04-27 09:40:56,022 - org.eclipse.mylyn.wikitext.help.ui - 2.9.0.v20160524-0547
2017-04-27 09:40:56,023 - org.eclipse.mylyn.wikitext.textile.ui - 2.9.0.v20160513-1433
2017-04-27 09:40:56,037 - org.eclipse.mylyn.wikitext.markdown.ui - 2.9.0.v20160513-1433
2017-04-27 09:40:56,038 - org.eclipse.mylyn.wikitext.mediawiki.ui - 2.9.0.v20160513-1433
2017-04-27 09:40:56,040 - org.eclipse.mylyn.wikitext.confluence.ui - 2.9.0.v20160513-1433
2017-04-27 09:40:56,041 - org.eclipse.mylyn.wikitext.tracwiki.ui - 2.9.0.v20160513-1433
2017-04-27 09:40:56,042 - org.eclipse.mylyn.wikitext.twiki.ui - 2.9.0.v20160513-1433
2017-04-27 09:40:56,050 - org.eclipse.mylyn.wikitext.tasks.ui - 2.9.0.v20160513-1433
2017-04-27 09:40:56,051 - org.eclipse.mylyn.wikitext.context.ui - 2.9.0.v20160513-1433
2017-04-27 09:40:56,053 - org.eclipse.mylyn.wikitext.asciidoc.core - 2.9.0.v20160524-1633
2017-04-27 09:40:56,055 - org.eclipse.mylyn.wikitext.asciidoc.ui - 2.9.0.v20160516-1451
2017-04-27 09:40:56,063 - org.eclipse.emf.mapping.ecore.editor - 2.6.0.v20160526-0356
2017-04-27 09:40:56,065 - org.eclipse.emf.mapping.ecore2ecore.editor - 2.7.0.v20160526-0356
2017-04-27 09:40:56,068 - org.eclipse.emf.mapping.ecore2xml.ui - 2.8.0.v20160526-0356
2017-04-27 09:40:56,079 - org.eclipse.recommenders.mylyn.rcp - 2.4.0.v20160607-1609
2017-04-27 09:40:56,170 - org.apache.ant - 1.9.6.v201510161327
2017-04-27 09:40:56,173 - org.eclipse.ant.core - 3.4.100.v20160505-0642
2017-04-27 09:40:56,173 - com.jcraft.jsch - 0.1.53.v201508180515
2017-04-27 09:40:56,174 - org.eclipse.compare.core - 3.6.0.v20160418-1534
2017-04-27 09:40:56,175 - org.eclipse.compare - 3.6.0.v20160418-1534
2017-04-27 09:40:56,176 - org.eclipse.core.filebuffers - 3.6.0.v20160503-1849
2017-04-27 09:40:56,177 - org.eclipse.core.filesystem - 1.6.0.v20160503-1608
2017-04-27 09:40:56,177 - org.eclipse.core.net - 1.3.0.v20160418-1534
2017-04-27 09:40:56,178 - org.eclipse.core.net.linux.x86_64 - 1.2.0.v20160323-1650
2017-04-27 09:40:56,179 - org.eclipse.core.resources - 3.11.0.v20160503-1608
2017-04-27 09:40:56,181 - org.eclipse.osgi.util - 3.3.100.v20150423-1351
2017-04-27 09:40:56,182 - org.eclipse.debug.core - 3.10.100.v20160419-1720
2017-04-27 09:40:56,184 - org.eclipse.debug.ui - 3.11.200.v20160518-1858
2017-04-27 09:40:56,185 - org.eclipse.equinox.event - 1.3.200.v20160324-1850
2017-04-27 09:40:56,186 - org.eclipse.ltk.core.refactoring - 3.7.0.v20160419-0705
2017-04-27 09:40:56,187 - org.eclipse.ltk.ui.refactoring - 3.8.0.v20160518-1817
2017-04-27 09:40:56,188 - org.eclipse.platform - 4.6.0.v20160606-1100
2017-04-27 09:40:56,191 - org.eclipse.platform.doc.user - 4.6.0.v20160606-1250
2017-04-27 09:40:56,192 - org.eclipse.search - 3.11.0.v20160519-1501
2017-04-27 09:40:56,193 - org.eclipse.team.core - 3.8.0.v20160418-1534
2017-04-27 09:40:56,194 - org.eclipse.team.ui - 3.8.0.v20160518-1906
2017-04-27 09:40:56,195 - org.eclipse.text - 3.6.0.v20160503-1849
2017-04-27 09:40:56,197 - org.eclipse.jface.text - 3.11.0.v20160505-1301
2017-04-27 09:40:56,197 - org.eclipse.jsch.core - 1.3.0.v20160422-1917
2017-04-27 09:40:56,200 - org.eclipse.jsch.ui - 1.3.0.v20160323-1650
2017-04-27 09:40:56,201 - org.eclipse.ui.console - 3.6.200.v20160518-1858
2017-04-27 09:40:56,203 - org.eclipse.ui.intro - 3.5.0.v20160509-1548
2017-04-27 09:40:56,205 - org.eclipse.ui.intro.universal - 3.3.0.v20160519-1604
2017-04-27 09:40:56,206 - org.eclipse.ui.cheatsheets - 3.5.0.v20160504-0839
2017-04-27 09:40:56,207 - org.eclipse.ui.browser - 3.5.0.v20160518-1929
2017-04-27 09:40:56,209 - org.eclipse.ui.monitoring - 1.1.0.v20160131-1628
2017-04-27 09:40:56,211 - org.eclipse.ui.navigator - 3.6.100.v20160518-1929
2017-04-27 09:40:56,212 - org.eclipse.ui.navigator.resources - 3.5.100.v20160518-1929
2017-04-27 09:40:56,213 - org.eclipse.ui.net - 1.3.0.v20160426-1633
2017-04-27 09:40:56,215 - org.eclipse.ui.workbench.texteditor - 3.10.0.v20160530-2011
2017-04-27 09:40:56,216 - org.eclipse.ui.views - 3.8.100.v20160518-1929
2017-04-27 09:40:56,217 - org.eclipse.ui.editors - 3.10.0.v20160505-0931
2017-04-27 09:40:56,220 - org.eclipse.ui.externaltools - 3.3.100.v20160518-1858
2017-04-27 09:40:56,222 - org.eclipse.ui.ide - 3.12.0.v20160601-1609
2017-04-27 09:40:56,223 - org.eclipse.ui.ide.application - 1.1.100.v20160518-1929
2017-04-27 09:40:56,223 - org.eclipse.core.filesystem.linux.x86_64 - 1.2.200.v20140124-1940
2017-04-27 09:40:56,225 - org.eclipse.core.variables - 3.3.0.v20160419-1720
2017-04-27 09:40:56,226 - org.eclipse.ui.forms - 3.7.0.v20160518-1929
2017-04-27 09:40:56,228 - org.eclipse.ui.views.properties.tabbed - 3.7.0.v20160310-0903
2017-04-27 09:40:56,228 - org.eclipse.equinox.security - 1.2.200.v20150715-1528
2017-04-27 09:40:56,231 - org.eclipse.equinox.security.ui - 1.1.300.v20150803-1225
2017-04-27 09:40:56,237 - org.eclipse.core.externaltools - 1.0.400.v20160509-1057
2017-04-27 09:40:56,237 - org.eclipse.ui.themes - 1.1.100.v20160411-1921
2017-04-27 09:40:56,238 - org.eclipse.core.runtime - 3.12.0.v20160606-1342
2017-04-27 09:40:56,239 - org.eclipse.ui.intro.quicklinks - 1.0.0.v20160515-0255
2017-04-27 09:40:56,246 - org.eclipse.mylyn.discovery.core - 3.20.0.v20160421-1819
2017-04-27 09:40:56,252 - org.eclipse.mylyn.discovery.ui - 3.20.0.v20160421-1819
2017-04-27 09:40:56,257 - org.eclipse.emf.ecore.edit - 2.9.0.v20160526-0356
2017-04-27 09:40:56,262 - org.eclipse.emf.ecore.change.edit - 2.6.0.v20160526-0356
2017-04-27 09:40:56,270 - org.eclipse.sequoyah.vnc.protocol - 2.1.0.N20120718-0509
2017-04-27 09:40:56,275 - org.eclipse.emf.mapping.ecore - 2.6.0.v20160526-0356
2017-04-27 09:40:56,276 - org.eclipse.emf.mapping.ecore2ecore - 2.9.0.v20160526-0356
2017-04-27 09:40:56,278 - org.eclipse.emf.mapping.ecore2xml - 2.9.0.v20160526-0356
2017-04-27 09:40:56,287 - org.eclipse.mylyn.versions.core - 1.12.0.v20160421-1824
2017-04-27 09:40:56,289 - org.eclipse.mylyn.versions.ui - 1.12.0.v20160421-1824
2017-04-27 09:40:56,295 - org.eclipse.andmore.traceview - 0.5.0.201605181018
2017-04-27 09:40:56,301 - org.eclipse.sequoyah.localization.android - 2.1.0.N20120718-0509
2017-04-27 09:40:56,303 - org.eclipse.sequoyah.localization.android.help - 2.1.1.N20120718-0509
2017-04-27 09:40:56,314 - org.eclipse.m2e.logback.configuration - 1.7.0.20160603-1933
2017-04-27 09:40:56,315 - org.eclipse.m2e.logback.appender - 1.7.0.20160603-1933
2017-04-27 09:40:56,324 - org.eclipse.emf.codegen - 2.11.0.v20160526-0356
2017-04-27 09:40:56,333 - org.eclipse.wst.dtd.ui - 1.0.801.v201308100602
2017-04-27 09:40:56,334 - org.eclipse.wst.dtd.ui.infopop - 1.0.400.v201309112106
2017-04-27 09:40:56,335 - org.eclipse.wst.sse.ui.infopop - 1.0.300.v201309112106
2017-04-27 09:40:56,337 - org.eclipse.wst.xml.ui.infopop - 1.0.400.v201309112106
2017-04-27 09:40:56,338 - org.eclipse.wst.sse.ui - 1.3.500.v201605120129
2017-04-27 09:40:56,338 - org.eclipse.wst.xml.ui - 1.1.700.v201604272318
2017-04-27 09:40:56,344 - org.eclipse.wst.xsd.ui - 1.2.600.v201511240159
2017-04-27 09:40:56,348 - org.eclipse.emf - 2.6.0.v20160526-0356
2017-04-27 09:40:56,357 - org.eclipse.datatools.doc.user - 1.7.0.20090521092446
2017-04-27 09:40:56,359 - org.eclipse.datatools.oda.cshelp - 1.2.0.201603142002
2017-04-27 09:40:56,359 - org.eclipse.datatools.help - 1.6.0.201603142002
2017-04-27 09:40:56,365 - org.eclipse.mylyn.tasks.bugs - 3.20.0.v20160425-1835
2017-04-27 09:40:56,367 - org.eclipse.mylyn.help.ui - 3.20.0.v20160425-1835
2017-04-27 09:40:56,373 - org.eclipse.draw2d - 3.10.100.201606061308
2017-04-27 09:40:56,377 - org.eclipse.emf.edit - 2.12.0.v20160526-0356
2017-04-27 09:40:56,381 - org.eclipse.mylyn.commons.core - 3.20.0.v20160421-1819
2017-04-27 09:40:56,383 - org.eclipse.mylyn.commons.screenshots - 3.20.0.v20160421-1819
2017-04-27 09:40:56,385 - org.eclipse.mylyn.commons.ui - 3.20.0.v20160421-1819
2017-04-27 09:40:56,391 - org.eclipse.mylyn.commons.workbench - 3.20.0.v20160421-1819
2017-04-27 09:40:56,396 - org.eclipse.mylyn.bugzilla.ide - 3.20.0.v20160421-1902
2017-04-27 09:40:56,398 - org.eclipse.mylyn.ide.ui - 3.20.0.v20160421-1902
2017-04-27 09:40:56,408 - org.eclipse.wst.json.ui - 1.0.1.v201608312053
2017-04-27 09:40:56,410 - org.eclipse.wst.json.bower.ui - 1.0.0.v201605201503
2017-04-27 09:40:56,411 - org.eclipse.wst.json.eslint.ui - 1.0.0.v201605201503
2017-04-27 09:40:56,413 - org.eclipse.wst.json.jshint.ui - 1.0.0.v201605201503
2017-04-27 09:40:56,414 - org.eclipse.wst.json.npm.ui - 1.0.0.v201605201503
2017-04-27 09:40:56,418 - org.eclipse.emf.databinding.edit - 1.3.0.v20160526-0356
2017-04-27 09:40:56,423 - org.eclipse.emf.codegen.ecore - 2.12.0.v20160526-0356
2017-04-27 09:40:56,425 - org.eclipse.emf.ant - 2.8.0.v20160526-0356
2017-04-27 09:40:56,453 - org.eclipse.m2e.archetype.common - 1.7.0.20160603-1931
2017-04-27 09:40:56,461 - org.eclipse.m2e.maven.indexer - 1.7.0.20160603-1931
2017-04-27 09:40:56,464 - org.eclipse.m2e.model.edit - 1.7.0.20160603-1933
2017-04-27 09:40:56,464 - org.eclipse.m2e.core - 1.7.0.20160603-1933
2017-04-27 09:40:56,466 - org.eclipse.m2e.launching - 1.7.0.20160603-1933
2017-04-27 09:40:56,468 - org.eclipse.m2e.workspace.cli - 0.3.1
2017-04-27 09:40:56,471 - org.eclipse.m2e.jdt - 1.7.0.20160603-1933
2017-04-27 09:40:56,477 - org.eclipse.m2e.editor - 1.7.0.20160603-1933
2017-04-27 09:40:56,479 - org.eclipse.m2e.editor.xml - 1.7.0.20160603-1933
2017-04-27 09:40:56,550 - org.eclipse.m2e.maven.runtime - 1.7.0.20160603-1931
2017-04-27 09:40:56,554 - org.eclipse.m2e.maven.runtime.slf4j.simple - 1.7.0.20160603-1931
2017-04-27 09:40:56,556 - org.eclipse.m2e.refactoring - 1.7.0.20160603-1933
2017-04-27 09:40:56,557 - org.eclipse.m2e.lifecyclemapping.defaults - 1.7.0.20160603-1933
2017-04-27 09:40:56,560 - org.eclipse.m2e.discovery - 1.7.0.20160603-1933
2017-04-27 09:40:56,561 - org.eclipse.m2e.core.ui - 1.7.0.20160603-1933
2017-04-27 09:40:56,563 - org.eclipse.m2e.scm - 1.7.0.20160603-1933
2017-04-27 09:40:56,564 - org.eclipse.m2e.jdt.ui - 1.7.0.20160603-1933
2017-04-27 09:40:56,566 - org.eclipse.m2e.profiles.core - 1.7.0.20160603-1933
2017-04-27 09:40:56,567 - org.eclipse.m2e.profiles.ui - 1.7.0.20160603-1933
2017-04-27 09:40:56,571 - org.eclipse.m2e.importer - 1.7.0.20160603-1933
2017-04-27 09:40:56,576 - org.eclipse.andmore.ndk - 0.5.0.201605181018
2017-04-27 09:40:56,580 - org.eclipse.andmore.gldebugger - 0.5.0.201605181018
2017-04-27 09:40:56,586 - org.eclipse.mylyn.hudson.core - 1.12.0.v20160524-1837
2017-04-27 09:40:56,587 - org.eclipse.mylyn.hudson.ui - 1.12.0.v20160421-2142
2017-04-27 09:40:56,597 - org.eclipse.epp.mpc.core - 1.5.0.v20160608-1457
2017-04-27 09:40:56,597 - org.eclipse.epp.mpc.ui - 1.5.0.v20160608-1804
2017-04-27 09:40:56,599 - org.eclipse.epp.mpc.help.ui - 1.5.0.v20160524-1910
2017-04-27 09:40:56,599 - org.apache.httpcomponents.httpclient - 4.3.6.v201511171540
2017-04-27 09:40:56,599 - org.apache.httpcomponents.httpcore - 4.3.3.v201411290715
2017-04-27 09:40:56,609 - org.eclipse.datatools.connectivity.oda.consumer - 3.3.0.201603142002
2017-04-27 09:40:56,612 - org.eclipse.datatools.connectivity.oda.design - 3.4.0.201603142002
2017-04-27 09:40:56,623 - org.eclipse.datatools.connectivity.oda.profile - 3.3.0.201603142002
2017-04-27 09:40:56,623 - org.eclipse.datatools.connectivity.oda - 3.5.0.201603142002
2017-04-27 09:40:56,623 - org.eclipse.datatools.connectivity - 1.13.0.201603142002
2017-04-27 09:40:56,632 - org.eclipse.mylyn.git.core - 1.12.0.v20160421-1824
2017-04-27 09:40:56,634 - org.eclipse.mylyn.git.ui - 1.12.0.v20160421-1824
2017-04-27 09:40:56,637 - org.eclipse.andmore.android.certmanager - 0.5.0.201605181018
2017-04-27 09:40:56,650 - org.eclipse.recommenders.snipmatch - 2.4.0.v20160607-1609
2017-04-27 09:40:56,650 - org.eclipse.recommenders.snipmatch.rcp - 2.4.0.v20160607-1609
2017-04-27 09:40:56,654 - org.eclipse.cdt.gdb - 7.0.0.201606062011
2017-04-27 09:40:56,655 - org.eclipse.cdt.gdb.ui - 7.0.0.201606062011
2017-04-27 09:40:56,659 - org.eclipse.pde - 3.12.0.v20160606-1100
2017-04-27 09:40:56,662 - org.eclipse.pde.build - 3.9.200.v20160204-0642
2017-04-27 09:40:56,664 - org.eclipse.pde.core - 3.11.0.v20160510-1223
2017-04-27 09:40:56,665 - org.eclipse.pde.junit.runtime - 3.5.0.v20151013-0625
2017-04-27 09:40:56,666 - org.eclipse.pde.runtime - 3.5.0.v20160418-1724
2017-04-27 09:40:56,669 - org.eclipse.pde.ui - 3.9.0.v20160525-1830
2017-04-27 09:40:56,673 - org.eclipse.pde.doc.user - 3.12.0.v20160601-2148
2017-04-27 09:40:56,676 - org.eclipse.pde.ui.templates - 3.6.0.v20160424-1948
2017-04-27 09:40:56,676 - org.eclipse.ui.views.log - 1.2.0.v20160418-1724
2017-04-27 09:40:56,677 - org.objectweb.asm - 5.0.1.v201404251740
2017-04-27 09:40:56,678 - org.objectweb.asm.tree - 5.0.1.v201404251740
2017-04-27 09:40:56,681 - org.eclipse.pde.api.tools - 1.1.0.v20160508-0834
2017-04-27 09:40:56,682 - org.eclipse.pde.api.tools.annotations - 1.0.100.v20160418-1724
2017-04-27 09:40:56,683 - org.eclipse.pde.api.tools.ui - 1.1.0.v20160519-0701
2017-04-27 09:40:56,685 - org.eclipse.pde.ds.core - 1.1.0.v20151201-1325
2017-04-27 09:40:56,687 - org.eclipse.pde.ds.ui - 1.1.0.v20160518-1843
2017-04-27 09:40:56,688 - org.eclipse.pde.launching - 3.6.400.v20160121-1248
2017-04-27 09:40:56,690 - org.eclipse.pde.ua.core - 1.0.500.v20160204-0642
2017-04-27 09:40:56,693 - org.eclipse.pde.ua.ui - 1.1.0.v20160518-1843
2017-04-27 09:40:56,694 - org.eclipse.ui.trace - 1.0.400.v20160509-1055
2017-04-27 09:40:56,696 - org.eclipse.pde.ds.annotations - 1.0.0.v20160525-1437
2017-04-27 09:40:56,708 - org.eclipse.sequoyah.localization.tools - 2.1.0.N20120718-0509
2017-04-27 09:40:56,711 - org.eclipse.sequoyah.localization.editor - 2.1.0.N20120718-0509
2017-04-27 09:40:56,720 - net.sourceforge.lpg.lpgjavaruntime - 1.1.0.v201004271650
2017-04-27 09:40:56,722 - org.eclipse.datatools.sqltools.parsers.sql.lexer - 1.1.0.201603142002
2017-04-27 09:40:56,722 - org.eclipse.datatools.sqltools.parsers.sql.query - 1.3.0.201603142002
2017-04-27 09:40:56,725 - org.eclipse.datatools.sqltools.parsers.sql.xml.query - 1.1.0.201603142002
2017-04-27 09:40:56,725 - org.eclipse.datatools.sqltools.parsers.sql - 1.1.0.201603142002
2017-04-27 09:40:56,731 - org.eclipse.mylyn.java.ui - 3.20.0.v20160421-1902
2017-04-27 09:40:56,733 - org.eclipse.mylyn.java.tasks - 3.20.0.v20160421-1902
2017-04-27 09:40:56,733 - org.eclipse.mylyn.ide.ui - 3.20.0.v20160421-1902
2017-04-27 09:40:56,734 - org.eclipse.mylyn.ide.ant - 3.20.0.v20160421-1902
2017-04-27 09:40:56,736 - org.eclipse.mylyn.debug.ui - 3.20.0.v20160421-1902
2017-04-27 09:40:56,743 - org.eclipse.mylyn.team.ui - 3.20.0.v20160421-1902
2017-04-27 09:40:56,749 - org.eclipse.datatools.sqltools.sql - 1.1.0.201603142002
2017-04-27 09:40:56,750 - org.eclipse.datatools.sqltools.common.ui - 1.1.0.201603142002
2017-04-27 09:40:56,750 - org.eclipse.datatools.sqltools.plan - 1.1.0.201603142002
2017-04-27 09:40:56,750 - org.eclipse.datatools.sqltools.editor.core - 1.1.0.201603142002
2017-04-27 09:40:56,750 - org.eclipse.datatools.sqltools.sqleditor - 1.1.0.201603142002
2017-04-27 09:40:56,750 - org.eclipse.datatools.sqltools.ddlgen.ui - 1.1.0.201603142002
2017-04-27 09:40:56,751 - org.eclipse.datatools.connectivity.db.generic - 1.1.0.201603142002
2017-04-27 09:40:56,751 - org.eclipse.datatools.sqltools.editor.core.ui - 1.1.0.201603142002
2017-04-27 09:40:56,751 - org.eclipse.datatools.sqltools.sql.ui - 1.1.0.201603142002
2017-04-27 09:40:56,755 - org.eclipse.emf.common.ui - 2.11.0.v20160526-0356
2017-04-27 09:40:56,760 - org.eclipse.mylyn.commons.repositories.core - 1.12.0.v20160421-1819
2017-04-27 09:40:56,761 - org.eclipse.mylyn.commons.repositories.ui - 1.12.0.v20160421-1819
2017-04-27 09:40:56,765 - org.eclipse.sequoyah.device.common.utilities - 2.1.0.N20120718-0509
2017-04-27 09:40:56,770 - org.eclipse.andmore.android.common - 0.5.0.201605181018
2017-04-27 09:40:56,772 - org.eclipse.andmore.android.codeutils - 0.5.0.201605181018
2017-04-27 09:40:56,774 - org.eclipse.andmore.android.translation - 0.5.0.201605181018
2017-04-27 09:40:56,777 - org.eclipse.andmore.android.codesnippets - 0.5.0.201605181018
2017-04-27 09:40:56,778 - org.eclipse.andmore.android.db.core - 0.5.0.201605181018
2017-04-27 09:40:56,778 - org.eclipse.andmore.android.logger - 0.5.0.201605181018
2017-04-27 09:40:56,780 - org.eclipse.andmore.android - 0.5.0.201605181018
2017-04-27 09:40:56,783 - org.eclipse.andmore.android.emulator - 0.5.0.201605181018
2017-04-27 09:40:56,785 - org.eclipse.andmore.android.launch - 0.5.0.201605181018
2017-04-27 09:40:56,786 - org.eclipse.andmore.android.packaging.ui - 0.5.0.201605181018
2017-04-27 09:40:56,787 - org.eclipse.andmore.android.handset - 0.5.0.201605181018
2017-04-27 09:40:56,797 - org.eclipse.andmore.android.remote - 0.5.0.201605181018
2017-04-27 09:40:56,797 - org.eclipse.andmore.android.linux.x86_64 - 0.5.0.201605181018
2017-04-27 09:40:56,798 - org.eclipse.andmore.android.mat - 0.5.0.201605181018
2017-04-27 09:40:56,799 - org.eclipse.andmore.android.devices.services - 0.5.0.201605181018
2017-04-27 09:40:56,806 - org.eclipse.andmore.android.db.devices - 0.5.0.201605181018
2017-04-27 09:40:56,810 - org.eclipse.andmore.android.installer - 0.5.0.201605181018
2017-04-27 09:40:56,811 - org.eclipse.andmore.android.logger.collector - 0.5.0.201605181018
2017-04-27 09:40:56,816 - org.eclipse.emf.mapping.ui - 2.7.0.v20160526-0356
2017-04-27 09:40:56,823 - org.eclipse.mylyn.monitor.core - 3.20.0.v20160421-1819
2017-04-27 09:40:56,824 - org.eclipse.mylyn.monitor.ui - 3.20.0.v20160421-1819
2017-04-27 09:40:56,838 - org.eclipse.datatools.connectivity.oda.template.ui - 3.3.0.201603142002
2017-04-27 09:40:56,849 - org.eclipse.sequoyah.vnc.vncviewer - 2.1.0.N20120718-0509
2017-04-27 09:40:56,853 - org.eclipse.emf.codegen.ecore.ui - 2.12.0.v20160526-0356
2017-04-27 09:40:56,868 - org.eclipse.emf.ecore.editor - 2.12.0.v20160526-0356
2017-04-27 09:40:56,876 - org.eclipse.epp.package.android - 4.6.0.20160613-1800
2017-04-27 09:40:56,889 - org.eclipse.mylyn.builds.core - 1.12.0.v20160421-2142
2017-04-27 09:40:56,890 - org.eclipse.mylyn.builds.ui - 1.12.0.v20160421-2142
2017-04-27 09:40:56,899 - org.eclipse.mylyn.context.core - 3.20.0.v20160421-1902
2017-04-27 09:40:56,901 - org.eclipse.mylyn.context.ui - 3.20.0.v20160421-1902
2017-04-27 09:40:56,903 - org.eclipse.mylyn.resources.ui - 3.20.0.v20160421-1902
2017-04-27 09:40:56,904 - org.eclipse.mylyn.context.tasks.ui - 3.20.0.v20160608-1905
2017-04-27 09:40:56,911 - org.eclipse.emf.databinding - 1.3.0.v20160526-0356
2017-04-27 09:40:56,918 - org.eclipse.datatools.connectivity.sqm.core.ui - 1.3.0.201603142002
2017-04-27 09:40:56,918 - org.eclipse.datatools.connectivity.sqm.core - 1.3.0.201603142002
2017-04-27 09:40:56,922 - org.eclipse.datatools.connectivity.sqm.server.ui - 1.2.0.201603142002
2017-04-27 09:40:56,922 - org.eclipse.datatools.connectivity.ui.dse - 1.2.0.201603142002
2017-04-27 09:40:56,922 - org.eclipse.datatools.connectivity.ui - 1.3.0.201603142002
2017-04-27 09:40:56,922 - org.eclipse.datatools.connectivity - 1.13.0.201603142002
2017-04-27 09:40:56,922 - org.eclipse.datatools.help - 1.6.0.201603142002
2017-04-27 09:40:56,923 - org.eclipse.datatools.connectivity.console.profile - 1.1.0.201603142002
2017-04-27 09:40:56,934 - org.eclipse.oomph.setup - 1.6.0.v20160920-0456
2017-04-27 09:40:56,936 - org.eclipse.oomph.setup.edit - 1.6.0.v20160920-0456
2017-04-27 09:40:56,936 - org.eclipse.oomph.setup.core - 1.6.0.v20160920-1303
2017-04-27 09:40:56,938 - org.eclipse.oomph.setup.sync - 1.6.0.v20160920-0456
2017-04-27 09:40:56,940 - org.eclipse.oomph.setup.p2 - 1.6.0.v20160920-0456
2017-04-27 09:40:56,943 - org.eclipse.oomph.setup.p2.edit - 1.6.0.v20160920-0456
2017-04-27 09:40:56,946 - org.eclipse.oomph.preferences - 1.6.0.v20160920-0456
2017-04-27 09:40:56,948 - org.eclipse.oomph.jreinfo - 1.5.0.v20160807-1022
2017-04-27 09:40:56,950 - org.eclipse.oomph.extractor.lib - 1.2.0.v20160519-0740
2017-04-27 09:40:56,950 - org.apache.commons.logging - 1.1.1.v201101211721
2017-04-27 09:40:56,950 - org.apache.commons.codec - 1.6.0.v201305230611
2017-04-27 09:40:56,950 - org.apache.httpcomponents.httpclient - 4.3.6.v201511171540
2017-04-27 09:40:56,950 - org.apache.httpcomponents.httpcore - 4.3.3.v201411290715
2017-04-27 09:40:56,952 - org.eclipse.userstorage - 1.0.0.v20160524-0709
2017-04-27 09:40:56,954 - org.eclipse.userstorage.ui - 1.0.0.v20151216-0912
2017-04-27 09:40:56,973 - org.eclipse.wst.jsdt.core - 2.0.0.v201608251059
2017-04-27 09:40:56,978 - org.eclipse.wst.jsdt.nashorn.extension - 1.0.0.v201605131737
2017-04-27 09:40:56,981 - org.eclipse.wst.jsdt.manipulation - 1.0.601.v201602241911
2017-04-27 09:40:56,981 - org.eclipse.wst.jsdt.ui - 2.0.0.v201608301904
2017-04-27 09:40:56,983 - org.eclipse.wst.jsdt.support.firefox - 1.0.501.v201602241911
2017-04-27 09:40:56,985 - org.eclipse.wst.jsdt.support.ie - 1.0.601.v201602241911
2017-04-27 09:40:56,989 - org.eclipse.wst.jsdt.doc - 1.4.101.v201507140011
2017-04-27 09:40:56,996 - org.eclipse.wst.jsdt.debug.core - 3.1.300.v201607272142
2017-04-27 09:40:56,998 - org.eclipse.wst.jsdt.debug.transport - 1.0.300.v201502261613
2017-04-27 09:40:57,000 - org.eclipse.wst.jsdt.debug.crossfire - 1.0.500.v201505071819
2017-04-27 09:40:57,002 - org.eclipse.wst.jsdt.debug.rhino - 1.0.500.v201605251607
2017-04-27 09:40:57,004 - org.eclipse.wst.jsdt.debug.rhino.debugger - 1.0.600.v201604292217
2017-04-27 09:40:57,006 - org.eclipse.wst.jsdt.debug.ui - 1.0.600.v201605311817
2017-04-27 09:40:57,009 - org.mozilla.javascript - 1.7.5.v201504281450
